<?xml version="1.0" encoding="UTF-8"?>
<!-- Generated by org.testng.reporters.JUnitReportReporter -->
<testsuite hostname="YOUSEF" failures="0" tests="1" name="com.noon.testcases.SearchAndFilter" time="28.737" errors="0" timestamp="2023-03-12T03:30:54 EET" skipped="0">
  <testcase classname="com.noon.testcases.SearchAndFilter" name="testScenario2" time="28.737"/>
  <system-out/>
</testsuite> <!-- com.noon.testcases.SearchAndFilter -->
