<?xml version="1.0" encoding="UTF-8"?>
<!-- Generated by org.testng.reporters.JUnitReportReporter -->
<testsuite hostname="YOUSEF" failures="0" tests="1" name="com.noon.testcases.Search" time="62.528" errors="0" timestamp="2023-03-08T23:47:25 EET" skipped="0">
  <testcase classname="com.noon.testcases.Search" name="testScenario2" time="62.528"/>
  <system-out/>
</testsuite> <!-- com.noon.testcases.Search -->
