<?xml version="1.0" encoding="UTF-8"?>
<!-- Generated by org.testng.reporters.JUnitReportReporter -->
<testsuite hostname="YOUSEF" failures="0" tests="1" name="com.noon.testcases.SignUpScreen" time="48.808" errors="0" timestamp="2023-03-12T03:34:23 EET" skipped="0">
  <testcase classname="com.noon.testcases.SignUpScreen" name="testScenario2" time="48.808"/>
  <system-out/>
</testsuite> <!-- com.noon.testcases.SignUpScreen -->
